313
CCI complexity of reconstruction:  0.604938271605
410
Sending off Target Sets: 3
Started new thread for: 0|0|26|0|0|0|29|0|0, pid = 7b652c2791a7940c6701b5a78daa456e
('Num Neighbors considered: 0', ', pid = 7b652c2791a7940c6701b5a78daa456e')
Number of initial extrapolated pairs:23, pid = 7b652c2791a7940c6701b5a78daa456e
Next layer number of nodes:20, pid = 7b652c2791a7940c6701b5a78daa456e
Next layer number of nodes:14, pid = 7b652c2791a7940c6701b5a78daa456e
Next layer number of nodes:10, pid = 7b652c2791a7940c6701b5a78daa456e
Next layer number of nodes:6, pid = 7b652c2791a7940c6701b5a78daa456e
Next layer number of nodes:3, pid = 7b652c2791a7940c6701b5a78daa456e
Next layer number of nodes:1, pid = 7b652c2791a7940c6701b5a78daa456e
('Num Neighbors considered: 1', ', pid = 7b652c2791a7940c6701b5a78daa456e')
Number of initial extrapolated pairs:23, pid = 7b652c2791a7940c6701b5a78daa456e
Next layer number of nodes:20, pid = 7b652c2791a7940c6701b5a78daa456e
Next layer number of nodes:17, pid = 7b652c2791a7940c6701b5a78daa456e
Next layer number of nodes:12, pid = 7b652c2791a7940c6701b5a78daa456e
Next layer number of nodes:6, pid = 7b652c2791a7940c6701b5a78daa456e
Next layer number of nodes:3, pid = 7b652c2791a7940c6701b5a78daa456e
Next layer number of nodes:1, pid = 7b652c2791a7940c6701b5a78daa456e
('Num Neighbors considered: 2', ', pid = 7b652c2791a7940c6701b5a78daa456e')
Number of initial extrapolated pairs:23, pid = 7b652c2791a7940c6701b5a78daa456e
Next layer number of nodes:24, pid = 7b652c2791a7940c6701b5a78daa456e
Next layer number of nodes:18, pid = 7b652c2791a7940c6701b5a78daa456e
Next layer number of nodes:12, pid = 7b652c2791a7940c6701b5a78daa456e
Next layer number of nodes:6, pid = 7b652c2791a7940c6701b5a78daa456e
Next layer number of nodes:3, pid = 7b652c2791a7940c6701b5a78daa456e
Next layer number of nodes:1, pid = 7b652c2791a7940c6701b5a78daa456e
('Num Neighbors considered: 3', ', pid = 7b652c2791a7940c6701b5a78daa456e')
Number of initial extrapolated pairs:23, pid = 7b652c2791a7940c6701b5a78daa456e
Next layer number of nodes:30, pid = 7b652c2791a7940c6701b5a78daa456e
Next layer number of nodes:22, pid = 7b652c2791a7940c6701b5a78daa456e
Next layer number of nodes:14, pid = 7b652c2791a7940c6701b5a78daa456e
Next layer number of nodes:7, pid = 7b652c2791a7940c6701b5a78daa456e
Next layer number of nodes:3, pid = 7b652c2791a7940c6701b5a78daa456e
Next layer number of nodes:1, pid = 7b652c2791a7940c6701b5a78daa456e
('Num Neighbors considered: 4', ', pid = 7b652c2791a7940c6701b5a78daa456e')
Number of initial extrapolated pairs:23, pid = 7b652c2791a7940c6701b5a78daa456e
Next layer number of nodes:30, pid = 7b652c2791a7940c6701b5a78daa456e
Next layer number of nodes:22, pid = 7b652c2791a7940c6701b5a78daa456e
Next layer number of nodes:14, pid = 7b652c2791a7940c6701b5a78daa456e
Next layer number of nodes:7, pid = 7b652c2791a7940c6701b5a78daa456e
Next layer number of nodes:3, pid = 7b652c2791a7940c6701b5a78daa456e
Next layer number of nodes:1, pid = 7b652c2791a7940c6701b5a78daa456e
('Num Neighbors considered: 5', ', pid = 7b652c2791a7940c6701b5a78daa456e')
Number of initial extrapolated pairs:23, pid = 7b652c2791a7940c6701b5a78daa456e
Next layer number of nodes:30, pid = 7b652c2791a7940c6701b5a78daa456e
Next layer number of nodes:22, pid = 7b652c2791a7940c6701b5a78daa456e
Next layer number of nodes:14, pid = 7b652c2791a7940c6701b5a78daa456e
Next layer number of nodes:7, pid = 7b652c2791a7940c6701b5a78daa456e
Next layer number of nodes:3, pid = 7b652c2791a7940c6701b5a78daa456e
Next layer number of nodes:1, pid = 7b652c2791a7940c6701b5a78daa456e
('Num Neighbors considered: 6', ', pid = 7b652c2791a7940c6701b5a78daa456e')
Number of initial extrapolated pairs:23, pid = 7b652c2791a7940c6701b5a78daa456e
Next layer number of nodes:30, pid = 7b652c2791a7940c6701b5a78daa456e
Next layer number of nodes:22, pid = 7b652c2791a7940c6701b5a78daa456e
Next layer number of nodes:14, pid = 7b652c2791a7940c6701b5a78daa456e
Next layer number of nodes:7, pid = 7b652c2791a7940c6701b5a78daa456e
Next layer number of nodes:3, pid = 7b652c2791a7940c6701b5a78daa456e
Next layer number of nodes:1, pid = 7b652c2791a7940c6701b5a78daa456e
('Num Neighbors considered: 7', ', pid = 7b652c2791a7940c6701b5a78daa456e')
Number of initial extrapolated pairs:23, pid = 7b652c2791a7940c6701b5a78daa456e
Next layer number of nodes:30, pid = 7b652c2791a7940c6701b5a78daa456e
Next layer number of nodes:22, pid = 7b652c2791a7940c6701b5a78daa456e
Next layer number of nodes:14, pid = 7b652c2791a7940c6701b5a78daa456e
Next layer number of nodes:7, pid = 7b652c2791a7940c6701b5a78daa456e
Next layer number of nodes:3, pid = 7b652c2791a7940c6701b5a78daa456e
Next layer number of nodes:1, pid = 7b652c2791a7940c6701b5a78daa456e
('Num Neighbors considered: 8', ', pid = 7b652c2791a7940c6701b5a78daa456e')
Number of initial extrapolated pairs:23, pid = 7b652c2791a7940c6701b5a78daa456e
Next layer number of nodes:30, pid = 7b652c2791a7940c6701b5a78daa456e
Next layer number of nodes:22, pid = 7b652c2791a7940c6701b5a78daa456e
Next layer number of nodes:14, pid = 7b652c2791a7940c6701b5a78daa456e
Next layer number of nodes:7, pid = 7b652c2791a7940c6701b5a78daa456e
Next layer number of nodes:3, pid = 7b652c2791a7940c6701b5a78daa456e
Next layer number of nodes:1, pid = 7b652c2791a7940c6701b5a78daa456e
('Num Neighbors considered: 9', ', pid = 7b652c2791a7940c6701b5a78daa456e')
Number of initial extrapolated pairs:23, pid = 7b652c2791a7940c6701b5a78daa456e
Next layer number of nodes:30, pid = 7b652c2791a7940c6701b5a78daa456e
Next layer number of nodes:22, pid = 7b652c2791a7940c6701b5a78daa456e
Next layer number of nodes:14, pid = 7b652c2791a7940c6701b5a78daa456e
Next layer number of nodes:7, pid = 7b652c2791a7940c6701b5a78daa456e
Next layer number of nodes:3, pid = 7b652c2791a7940c6701b5a78daa456e
Next layer number of nodes:1, pid = 7b652c2791a7940c6701b5a78daa456e
('Num Neighbors considered: 10', ', pid = 7b652c2791a7940c6701b5a78daa456e')
Number of initial extrapolated pairs:23, pid = 7b652c2791a7940c6701b5a78daa456e
Next layer number of nodes:30, pid = 7b652c2791a7940c6701b5a78daa456e
Next layer number of nodes:22, pid = 7b652c2791a7940c6701b5a78daa456e
Next layer number of nodes:14, pid = 7b652c2791a7940c6701b5a78daa456e
Next layer number of nodes:7, pid = 7b652c2791a7940c6701b5a78daa456e
Next layer number of nodes:3, pid = 7b652c2791a7940c6701b5a78daa456e
Next layer number of nodes:1, pid = 7b652c2791a7940c6701b5a78daa456e
('Num Neighbors considered: 11', ', pid = 7b652c2791a7940c6701b5a78daa456e')
Number of initial extrapolated pairs:23, pid = 7b652c2791a7940c6701b5a78daa456e
Next layer number of nodes:30, pid = 7b652c2791a7940c6701b5a78daa456e
Next layer number of nodes:22, pid = 7b652c2791a7940c6701b5a78daa456e
Next layer number of nodes:14, pid = 7b652c2791a7940c6701b5a78daa456e
Next layer number of nodes:7, pid = 7b652c2791a7940c6701b5a78daa456e
Next layer number of nodes:3, pid = 7b652c2791a7940c6701b5a78daa456e
Next layer number of nodes:1, pid = 7b652c2791a7940c6701b5a78daa456e
('Num Neighbors considered: 12', ', pid = 7b652c2791a7940c6701b5a78daa456e')
Number of initial extrapolated pairs:23, pid = 7b652c2791a7940c6701b5a78daa456e
Next layer number of nodes:30, pid = 7b652c2791a7940c6701b5a78daa456e
Next layer number of nodes:22, pid = 7b652c2791a7940c6701b5a78daa456e
Next layer number of nodes:14, pid = 7b652c2791a7940c6701b5a78daa456e
Next layer number of nodes:7, pid = 7b652c2791a7940c6701b5a78daa456e
Next layer number of nodes:3, pid = 7b652c2791a7940c6701b5a78daa456e
Next layer number of nodes:1, pid = 7b652c2791a7940c6701b5a78daa456e
('Num Neighbors considered: 13', ', pid = 7b652c2791a7940c6701b5a78daa456e')
Number of initial extrapolated pairs:23, pid = 7b652c2791a7940c6701b5a78daa456e
Next layer number of nodes:30, pid = 7b652c2791a7940c6701b5a78daa456e
Next layer number of nodes:22, pid = 7b652c2791a7940c6701b5a78daa456e
Next layer number of nodes:14, pid = 7b652c2791a7940c6701b5a78daa456e
Next layer number of nodes:7, pid = 7b652c2791a7940c6701b5a78daa456e
Next layer number of nodes:3, pid = 7b652c2791a7940c6701b5a78daa456e
Next layer number of nodes:1, pid = 7b652c2791a7940c6701b5a78daa456e
('Num Neighbors considered: 14', ', pid = 7b652c2791a7940c6701b5a78daa456e')
Number of initial extrapolated pairs:23, pid = 7b652c2791a7940c6701b5a78daa456e
Next layer number of nodes:30, pid = 7b652c2791a7940c6701b5a78daa456e
Next layer number of nodes:22, pid = 7b652c2791a7940c6701b5a78daa456e
Next layer number of nodes:14, pid = 7b652c2791a7940c6701b5a78daa456e
Next layer number of nodes:7, pid = 7b652c2791a7940c6701b5a78daa456e
Next layer number of nodes:3, pid = 7b652c2791a7940c6701b5a78daa456e
Next layer number of nodes:1, pid = 7b652c2791a7940c6701b5a78daa456e
Academic license - for non-commercial use only
Changed value of parameter MIPGap to 0.01
   Prev: 0.0001  Min: 0.0  Max: 1e+100  Default: 0.0001
Changed value of parameter Threads to 10
   Prev: 0  Min: 0  Max: 1024  Default: 0
Changed value of parameter Presolve to 2
   Prev: -1  Min: -1  Max: 2  Default: -1
Changed value of parameter MIPFocus to 1
   Prev: 0  Min: 0  Max: 3  Default: 0
Changed value of parameter Cuts to 1
   Prev: -1  Min: -1  Max: 3  Default: -1
Changed value of parameter Method to 4
   Prev: -1  Min: -1  Max: 5  Default: -1
Changed value of parameter TimeLimit to 60.0
   Prev: 1e+100  Min: 0.0  Max: 1e+100  Default: 1e+100
Optimize a model with 273 rows, 466 columns and 880 nonzeros
Variable types: 0 continuous, 466 integer (233 binary)
Coefficient statistics:
  Matrix range     [5e-02, 1e+00]
  Objective range  [6e+00, 2e+01]
  Bounds range     [1e+00, 2e+01]
  RHS range        [1e+00, 2e+01]
Found heuristic solution: objective 127.6467670
Presolve removed 157 rows and 206 columns
Presolve time: 0.01s
Presolved: 116 rows, 260 columns, 521 nonzeros
Variable types: 0 continuous, 260 integer (143 binary)
Presolve removed 85 rows and 124 columns
Presolved: 31 rows, 136 columns, 266 nonzeros


Root relaxation: objective 5.625949e+01, 21 iterations, 0.00 seconds

    Nodes    |    Current Node    |     Objective Bounds      |     Work
 Expl Unexpl |  Obj  Depth IntInf | Incumbent    BestBd   Gap | It/Node Time

     0     0   56.25949    0    5  127.64677   56.25949  55.9%     -    0s
H    0     0                      84.4942197   56.25949  33.4%     -    0s
     0     0   63.35006    0   15   84.49422   63.35006  25.0%     -    0s
     0     0   69.44690    0   20   84.49422   69.44690  17.8%     -    0s
     0     0   73.66473    0   31   84.49422   73.66473  12.8%     -    0s
     0     0   74.96541    0   23   84.49422   74.96541  11.3%     -    0s
     0     0   75.04063    0   24   84.49422   75.04063  11.2%     -    0s
     0     0   75.08835    0   23   84.49422   75.08835  11.1%     -    0s
     0     0   75.14489    0   24   84.49422   75.14489  11.1%     -    0s
     0     0   75.15418    0   23   84.49422   75.15418  11.1%     -    0s
     0     0   78.00885    0   14   84.49422   78.00885  7.68%     -    0s
     0     0   78.00885    0   12   84.49422   78.00885  7.68%     -    0s
     0     0   78.09955    0    7   84.49422   78.09955  7.57%     -    0s
     0     0   78.09955    0    5   84.49422   78.09955  7.57%     -    0s
     0     0   78.09955    0   19   84.49422   78.09955  7.57%     -    0s
     0     0   78.09955    0   22   84.49422   78.09955  7.57%     -    0s
     0     0   78.25942    0   25   84.49422   78.25942  7.38%     -    0s
     0     0   78.92743    0   33   84.49422   78.92743  6.59%     -    0s
     0     0   79.08086    0   24   84.49422   79.08086  6.41%     -    0s
     0     0   79.11909    0   25   84.49422   79.11909  6.36%     -    0s
     0     0   79.13432    0   27   84.49422   79.13432  6.34%     -    0s
     0     0   79.13440    0   29   84.49422   79.13440  6.34%     -    0s
     0     0   79.21157    0   29   84.49422   79.21157  6.25%     -    0s
     0     0   79.38220    0   18   84.49422   79.38220  6.05%     -    0s
     0     0   79.40273    0   25   84.49422   79.40273  6.03%     -    0s
     0     0   79.47633    0   30   84.49422   79.47633  5.94%     -    0s
     0     0   79.54433    0   46   84.49422   79.54433  5.86%     -    0s
     0     0   79.58425    0   43   84.49422   79.58425  5.81%     -    0s
     0     0   80.07119    0   34   84.49422   80.07119  5.23%     -    0s
     0     0   80.07119    0    5   84.49422   80.07119  5.23%     -    0s
     0     0   80.07119    0   22   84.49422   80.07119  5.23%     -    0s
     0     0   80.07119    0   19   84.49422   80.07119  5.23%     -    0s
     0     0   80.07119    0   25   84.49422   80.07119  5.23%     -    0s
     0     0   80.07119    0   23   84.49422   80.07119  5.23%     -    0s
     0     0   80.24832    0   20   84.49422   80.24832  5.03%     -    0s
     0     0   80.25368    0   20   84.49422   80.25368  5.02%     -    0s
     0     0   80.27017    0   27   84.49422   80.27017  5.00%     -    0s
     0     0   80.27195    0   25   84.49422   80.27195  5.00%     -    0s
     0     0   80.27195    0   32   84.49422   80.27195  5.00%     -    0s
     0     0   80.34879    0   33   84.49422   80.34879  4.91%     -    0s
     0     0   80.37442    0   33   84.49422   80.37442  4.88%     -    0s
     0     0   80.39080    0   32   84.49422   80.39080  4.86%     -    0s
     0     0   80.63885    0   43   84.49422   80.63885  4.56%     -    0s
     0     0   80.70979    0   43   84.49422   80.70979  4.48%     -    0s
     0     0   80.76453    0   33   84.49422   80.76453  4.41%     -    0s
     0     0   80.76619    0   35   84.49422   80.76619  4.41%     -    0s
     0     0   80.94145    0   22   84.49422   80.94145  4.20%     -    0s
     0     2   80.94145    0   21   84.49422   80.94145  4.20%     -    0s

Cutting planes:
  Gomory: 3
  Cover: 2
  Implied bound: 4
  MIR: 9
  StrongCG: 2
  Flow cover: 14

Explored 11 nodes (572 simplex iterations) in 0.16 seconds
Thread count was 10 (of 56 available processors)

Solution count 2: 84.4942 127.647 

Optimal solution found (tolerance 1.00e-02)
Best objective 8.449421974178e+01, best bound 8.449421974178e+01, gap 0.0000%
Parameter SolutionNumber unchanged
   Value: 0  Min: 0  Max: 2000000000  Default: 0
Changed value of parameter SolutionNumber to 1
   Prev: 0  Min: 0  Max: 2000000000  Default: 0
Started new thread for: 0|0|26|0|18|0|0|0|0, pid = 317b2be9c4344476c4ca8b0d13f10993
('Num Neighbors considered: 0', ', pid = 317b2be9c4344476c4ca8b0d13f10993')
Number of initial extrapolated pairs:145, pid = 317b2be9c4344476c4ca8b0d13f10993
Next layer number of nodes:263, pid = 317b2be9c4344476c4ca8b0d13f10993
Next layer number of nodes:232, pid = 317b2be9c4344476c4ca8b0d13f10993
Next layer number of nodes:167, pid = 317b2be9c4344476c4ca8b0d13f10993
Next layer number of nodes:87, pid = 317b2be9c4344476c4ca8b0d13f10993
Next layer number of nodes:29, pid = 317b2be9c4344476c4ca8b0d13f10993
Next layer number of nodes:8, pid = 317b2be9c4344476c4ca8b0d13f10993
Next layer number of nodes:1, pid = 317b2be9c4344476c4ca8b0d13f10993
('Num Neighbors considered: 1', ', pid = 317b2be9c4344476c4ca8b0d13f10993')
Number of initial extrapolated pairs:145, pid = 317b2be9c4344476c4ca8b0d13f10993
Next layer number of nodes:262, pid = 317b2be9c4344476c4ca8b0d13f10993
Next layer number of nodes:232, pid = 317b2be9c4344476c4ca8b0d13f10993
Next layer number of nodes:216, pid = 317b2be9c4344476c4ca8b0d13f10993
Next layer number of nodes:152, pid = 317b2be9c4344476c4ca8b0d13f10993
Next layer number of nodes:88, pid = 317b2be9c4344476c4ca8b0d13f10993
Next layer number of nodes:32, pid = 317b2be9c4344476c4ca8b0d13f10993
Next layer number of nodes:1, pid = 317b2be9c4344476c4ca8b0d13f10993
('Num Neighbors considered: 2', ', pid = 317b2be9c4344476c4ca8b0d13f10993')
Number of initial extrapolated pairs:145, pid = 317b2be9c4344476c4ca8b0d13f10993
Next layer number of nodes:432, pid = 317b2be9c4344476c4ca8b0d13f10993
Next layer number of nodes:450, pid = 317b2be9c4344476c4ca8b0d13f10993
Next layer number of nodes:370, pid = 317b2be9c4344476c4ca8b0d13f10993
Next layer number of nodes:272, pid = 317b2be9c4344476c4ca8b0d13f10993
Next layer number of nodes:153, pid = 317b2be9c4344476c4ca8b0d13f10993
Next layer number of nodes:75, pid = 317b2be9c4344476c4ca8b0d13f10993
Next layer number of nodes:25, pid = 317b2be9c4344476c4ca8b0d13f10993
Next layer number of nodes:1, pid = 317b2be9c4344476c4ca8b0d13f10993
('Num Neighbors considered: 3', ', pid = 317b2be9c4344476c4ca8b0d13f10993')
Number of initial extrapolated pairs:145, pid = 317b2be9c4344476c4ca8b0d13f10993
Next layer number of nodes:504, pid = 317b2be9c4344476c4ca8b0d13f10993
Next layer number of nodes:492, pid = 317b2be9c4344476c4ca8b0d13f10993
Next layer number of nodes:390, pid = 317b2be9c4344476c4ca8b0d13f10993
Next layer number of nodes:282, pid = 317b2be9c4344476c4ca8b0d13f10993
Next layer number of nodes:156, pid = 317b2be9c4344476c4ca8b0d13f10993
Next layer number of nodes:75, pid = 317b2be9c4344476c4ca8b0d13f10993
Next layer number of nodes:25, pid = 317b2be9c4344476c4ca8b0d13f10993
Next layer number of nodes:1, pid = 317b2be9c4344476c4ca8b0d13f10993
('Num Neighbors considered: 4', ', pid = 317b2be9c4344476c4ca8b0d13f10993')
Number of initial extrapolated pairs:145, pid = 317b2be9c4344476c4ca8b0d13f10993
Next layer number of nodes:532, pid = 317b2be9c4344476c4ca8b0d13f10993
Next layer number of nodes:498, pid = 317b2be9c4344476c4ca8b0d13f10993
Next layer number of nodes:395, pid = 317b2be9c4344476c4ca8b0d13f10993
Next layer number of nodes:282, pid = 317b2be9c4344476c4ca8b0d13f10993
Next layer number of nodes:156, pid = 317b2be9c4344476c4ca8b0d13f10993
Next layer number of nodes:75, pid = 317b2be9c4344476c4ca8b0d13f10993
Next layer number of nodes:25, pid = 317b2be9c4344476c4ca8b0d13f10993
Next layer number of nodes:1, pid = 317b2be9c4344476c4ca8b0d13f10993
('Num Neighbors considered: 5', ', pid = 317b2be9c4344476c4ca8b0d13f10993')
Number of initial extrapolated pairs:145, pid = 317b2be9c4344476c4ca8b0d13f10993
Next layer number of nodes:534, pid = 317b2be9c4344476c4ca8b0d13f10993
Next layer number of nodes:499, pid = 317b2be9c4344476c4ca8b0d13f10993
Next layer number of nodes:395, pid = 317b2be9c4344476c4ca8b0d13f10993
Next layer number of nodes:282, pid = 317b2be9c4344476c4ca8b0d13f10993
Next layer number of nodes:156, pid = 317b2be9c4344476c4ca8b0d13f10993
Next layer number of nodes:75, pid = 317b2be9c4344476c4ca8b0d13f10993
Next layer number of nodes:25, pid = 317b2be9c4344476c4ca8b0d13f10993
Next layer number of nodes:1, pid = 317b2be9c4344476c4ca8b0d13f10993
('Num Neighbors considered: 6', ', pid = 317b2be9c4344476c4ca8b0d13f10993')
Number of initial extrapolated pairs:145, pid = 317b2be9c4344476c4ca8b0d13f10993
Next layer number of nodes:535, pid = 317b2be9c4344476c4ca8b0d13f10993
Next layer number of nodes:499, pid = 317b2be9c4344476c4ca8b0d13f10993
Next layer number of nodes:395, pid = 317b2be9c4344476c4ca8b0d13f10993
Next layer number of nodes:282, pid = 317b2be9c4344476c4ca8b0d13f10993
Next layer number of nodes:156, pid = 317b2be9c4344476c4ca8b0d13f10993
Next layer number of nodes:75, pid = 317b2be9c4344476c4ca8b0d13f10993
Next layer number of nodes:25, pid = 317b2be9c4344476c4ca8b0d13f10993
Next layer number of nodes:1, pid = 317b2be9c4344476c4ca8b0d13f10993
('Num Neighbors considered: 7', ', pid = 317b2be9c4344476c4ca8b0d13f10993')
Number of initial extrapolated pairs:145, pid = 317b2be9c4344476c4ca8b0d13f10993
Next layer number of nodes:535, pid = 317b2be9c4344476c4ca8b0d13f10993
Next layer number of nodes:499, pid = 317b2be9c4344476c4ca8b0d13f10993
Next layer number of nodes:395, pid = 317b2be9c4344476c4ca8b0d13f10993
Next layer number of nodes:282, pid = 317b2be9c4344476c4ca8b0d13f10993
Next layer number of nodes:156, pid = 317b2be9c4344476c4ca8b0d13f10993
Next layer number of nodes:75, pid = 317b2be9c4344476c4ca8b0d13f10993
Next layer number of nodes:25, pid = 317b2be9c4344476c4ca8b0d13f10993
Next layer number of nodes:1, pid = 317b2be9c4344476c4ca8b0d13f10993
('Num Neighbors considered: 8', ', pid = 317b2be9c4344476c4ca8b0d13f10993')
Number of initial extrapolated pairs:145, pid = 317b2be9c4344476c4ca8b0d13f10993
Next layer number of nodes:535, pid = 317b2be9c4344476c4ca8b0d13f10993
Next layer number of nodes:499, pid = 317b2be9c4344476c4ca8b0d13f10993
Next layer number of nodes:395, pid = 317b2be9c4344476c4ca8b0d13f10993
Next layer number of nodes:282, pid = 317b2be9c4344476c4ca8b0d13f10993
Next layer number of nodes:156, pid = 317b2be9c4344476c4ca8b0d13f10993
Next layer number of nodes:75, pid = 317b2be9c4344476c4ca8b0d13f10993
Next layer number of nodes:25, pid = 317b2be9c4344476c4ca8b0d13f10993
Next layer number of nodes:1, pid = 317b2be9c4344476c4ca8b0d13f10993
('Num Neighbors considered: 9', ', pid = 317b2be9c4344476c4ca8b0d13f10993')
Number of initial extrapolated pairs:145, pid = 317b2be9c4344476c4ca8b0d13f10993
Next layer number of nodes:535, pid = 317b2be9c4344476c4ca8b0d13f10993
Next layer number of nodes:499, pid = 317b2be9c4344476c4ca8b0d13f10993
Next layer number of nodes:395, pid = 317b2be9c4344476c4ca8b0d13f10993
Next layer number of nodes:282, pid = 317b2be9c4344476c4ca8b0d13f10993
Next layer number of nodes:156, pid = 317b2be9c4344476c4ca8b0d13f10993
Next layer number of nodes:75, pid = 317b2be9c4344476c4ca8b0d13f10993
Next layer number of nodes:25, pid = 317b2be9c4344476c4ca8b0d13f10993
Next layer number of nodes:1, pid = 317b2be9c4344476c4ca8b0d13f10993
('Num Neighbors considered: 10', ', pid = 317b2be9c4344476c4ca8b0d13f10993')
Number of initial extrapolated pairs:145, pid = 317b2be9c4344476c4ca8b0d13f10993
Next layer number of nodes:535, pid = 317b2be9c4344476c4ca8b0d13f10993
Next layer number of nodes:499, pid = 317b2be9c4344476c4ca8b0d13f10993
Next layer number of nodes:395, pid = 317b2be9c4344476c4ca8b0d13f10993
Next layer number of nodes:282, pid = 317b2be9c4344476c4ca8b0d13f10993
Next layer number of nodes:156, pid = 317b2be9c4344476c4ca8b0d13f10993
Next layer number of nodes:75, pid = 317b2be9c4344476c4ca8b0d13f10993
Next layer number of nodes:25, pid = 317b2be9c4344476c4ca8b0d13f10993
Next layer number of nodes:1, pid = 317b2be9c4344476c4ca8b0d13f10993
('Num Neighbors considered: 11', ', pid = 317b2be9c4344476c4ca8b0d13f10993')
Number of initial extrapolated pairs:145, pid = 317b2be9c4344476c4ca8b0d13f10993
Next layer number of nodes:535, pid = 317b2be9c4344476c4ca8b0d13f10993
Next layer number of nodes:499, pid = 317b2be9c4344476c4ca8b0d13f10993
Next layer number of nodes:395, pid = 317b2be9c4344476c4ca8b0d13f10993
Next layer number of nodes:282, pid = 317b2be9c4344476c4ca8b0d13f10993
Next layer number of nodes:156, pid = 317b2be9c4344476c4ca8b0d13f10993
Next layer number of nodes:75, pid = 317b2be9c4344476c4ca8b0d13f10993
Next layer number of nodes:25, pid = 317b2be9c4344476c4ca8b0d13f10993
Next layer number of nodes:1, pid = 317b2be9c4344476c4ca8b0d13f10993
('Num Neighbors considered: 12', ', pid = 317b2be9c4344476c4ca8b0d13f10993')
Number of initial extrapolated pairs:145, pid = 317b2be9c4344476c4ca8b0d13f10993
Next layer number of nodes:535, pid = 317b2be9c4344476c4ca8b0d13f10993
Next layer number of nodes:499, pid = 317b2be9c4344476c4ca8b0d13f10993
Next layer number of nodes:395, pid = 317b2be9c4344476c4ca8b0d13f10993
Next layer number of nodes:282, pid = 317b2be9c4344476c4ca8b0d13f10993
Next layer number of nodes:156, pid = 317b2be9c4344476c4ca8b0d13f10993
Next layer number of nodes:75, pid = 317b2be9c4344476c4ca8b0d13f10993
Next layer number of nodes:25, pid = 317b2be9c4344476c4ca8b0d13f10993
Next layer number of nodes:1, pid = 317b2be9c4344476c4ca8b0d13f10993
('Num Neighbors considered: 13', ', pid = 317b2be9c4344476c4ca8b0d13f10993')
Number of initial extrapolated pairs:145, pid = 317b2be9c4344476c4ca8b0d13f10993
Next layer number of nodes:535, pid = 317b2be9c4344476c4ca8b0d13f10993
Next layer number of nodes:499, pid = 317b2be9c4344476c4ca8b0d13f10993
Next layer number of nodes:395, pid = 317b2be9c4344476c4ca8b0d13f10993
Next layer number of nodes:282, pid = 317b2be9c4344476c4ca8b0d13f10993
Next layer number of nodes:156, pid = 317b2be9c4344476c4ca8b0d13f10993
Next layer number of nodes:75, pid = 317b2be9c4344476c4ca8b0d13f10993
Next layer number of nodes:25, pid = 317b2be9c4344476c4ca8b0d13f10993
Next layer number of nodes:1, pid = 317b2be9c4344476c4ca8b0d13f10993
('Num Neighbors considered: 14', ', pid = 317b2be9c4344476c4ca8b0d13f10993')
Number of initial extrapolated pairs:145, pid = 317b2be9c4344476c4ca8b0d13f10993
Next layer number of nodes:535, pid = 317b2be9c4344476c4ca8b0d13f10993
Next layer number of nodes:499, pid = 317b2be9c4344476c4ca8b0d13f10993
Next layer number of nodes:395, pid = 317b2be9c4344476c4ca8b0d13f10993
Next layer number of nodes:282, pid = 317b2be9c4344476c4ca8b0d13f10993
Next layer number of nodes:156, pid = 317b2be9c4344476c4ca8b0d13f10993
Next layer number of nodes:75, pid = 317b2be9c4344476c4ca8b0d13f10993
Next layer number of nodes:25, pid = 317b2be9c4344476c4ca8b0d13f10993
Next layer number of nodes:1, pid = 317b2be9c4344476c4ca8b0d13f10993
Academic license - for non-commercial use only
Changed value of parameter MIPGap to 0.01
   Prev: 0.0001  Min: 0.0  Max: 1e+100  Default: 0.0001
Changed value of parameter Threads to 10
   Prev: 0  Min: 0  Max: 1024  Default: 0
Changed value of parameter Presolve to 2
   Prev: -1  Min: -1  Max: 2  Default: -1
Changed value of parameter MIPFocus to 1
   Prev: 0  Min: 0  Max: 3  Default: 0
Changed value of parameter Cuts to 1
   Prev: -1  Min: -1  Max: 3  Default: -1
Changed value of parameter Method to 4
   Prev: -1  Min: -1  Max: 5  Default: -1
Changed value of parameter TimeLimit to 60.0
   Prev: 1e+100  Min: 0.0  Max: 1e+100  Default: 1e+100
Optimize a model with 10540 rows, 19842 columns and 38632 nonzeros
Variable types: 0 continuous, 19842 integer (9921 binary)
Coefficient statistics:
  Matrix range     [7e-03, 1e+00]
  Objective range  [6e+00, 3e+01]
  Bounds range     [1e+00, 1e+02]
  RHS range        [1e+00, 1e+02]
Presolve removed 4124 rows and 4726 columns
Presolve time: 0.46s
Presolved: 6416 rows, 15116 columns, 30236 nonzeros
Variable types: 0 continuous, 15116 integer (7223 binary)

Deterministic concurrent LP optimizer: primal simplex, dual simplex, and barrier
Showing barrier log only...

Presolve removed 5805 rows and 6453 columns
Presolved: 611 rows, 8663 columns, 17312 nonzeros

Root barrier log...

Ordering time: 0.00s

Barrier statistics:
 AA' NZ     : 8.451e+03
 Factor NZ  : 3.722e+04 (roughly 4 MBytes of memory)
 Factor Ops : 3.663e+06 (less than 1 second per iteration)
 Threads    : 7

                  Objective                Residual
Iter       Primal          Dual         Primal    Dual     Compl     Time
   0   9.95319980e+05 -5.17676914e+05  1.74e+04 3.55e-15  6.33e+02     1s
   1   9.50468220e+04 -3.61044744e+05  1.75e+03 2.22e-14  7.72e+01     1s
   2   1.40798841e+04 -1.18186580e+05  2.60e+02 3.55e-14  1.37e+01     1s
   3   1.95244543e+03 -3.65639604e+04  3.01e+01 1.95e-14  2.81e+00     1s
   4   5.28484767e+02 -7.62309102e+03  2.31e+00 1.69e-14  5.06e-01     1s
   5   3.90254748e+02 -2.53589743e+03  3.86e-01 1.42e-14  1.72e-01     1s
   6   3.29153156e+02 -1.46218252e+03  1.46e-01 9.77e-15  1.04e-01     1s
   7   2.79957518e+02 -6.87645392e+02  8.23e-02 7.56e-15  5.61e-02     1s
   8   2.54534397e+02 -2.45177452e+02  5.55e-02 5.33e-15  2.89e-02     1s
   9   2.03080462e+02 -8.67189710e+01  1.80e-02 7.11e-15  1.67e-02     1s

Barrier performed 9 iterations in 0.56 seconds
Barrier solve interrupted - model solved by another algorithm

Concurrent spin time: 0.01s

Solved with primal simplex

Root relaxation: objective 1.517798e+02, 1275 iterations, 0.06 seconds

    Nodes    |    Current Node    |     Objective Bounds      |     Work
 Expl Unexpl |  Obj  Depth IntInf | Incumbent    BestBd   Gap | It/Node Time

     0     0  151.77982    0   69          -  151.77982      -     -    0s
H    0     0                     616.1166775  151.77982  75.4%     -    0s
     0     0  299.32677    0  178  616.11668  299.32677  51.4%     -    0s
H    0     0                     576.3869462  299.32677  48.1%     -    0s
     0     0  305.53324    0  162  576.38695  305.53324  47.0%     -    0s
     0     0  308.21003    0  165  576.38695  308.21003  46.5%     -    0s
     0     0  308.21003    0  168  576.38695  308.21003  46.5%     -    0s
     0     0  332.07205    0  255  576.38695  332.07205  42.4%     -    0s
H    0     0                     549.9603033  332.07205  39.6%     -    1s
H    0     0                     542.8301143  332.07205  38.8%     -    1s
     0     0  339.49131    0  251  542.83011  339.49131  37.5%     -    1s
     0     0  349.51179    0  242  542.83011  349.51179  35.6%     -    1s
     0     0  349.51857    0  248  542.83011  349.51857  35.6%     -    1s
     0     0  358.84985    0  277  542.83011  358.84985  33.9%     -    1s
H    0     0                     487.9944778  358.84985  26.5%     -    1s
     0     0  361.45863    0  263  487.99448  361.45863  25.9%     -    1s
     0     0  361.62762    0  239  487.99448  361.62762  25.9%     -    1s
     0     0  361.71179    0  251  487.99448  361.71179  25.9%     -    1s
     0     0  361.71396    0  259  487.99448  361.71396  25.9%     -    1s
     0     0  368.71634    0  276  487.99448  368.71634  24.4%     -    1s
H    0     0                     481.0669199  368.71634  23.4%     -    1s
     0     0  374.92934    0  254  481.06692  374.92934  22.1%     -    1s
     0     0  374.95971    0  263  481.06692  374.95971  22.1%     -    1s
     0     0  375.03502    0  267  481.06692  375.03502  22.0%     -    1s
     0     0  375.07946    0  258  481.06692  375.07946  22.0%     -    1s
     0     0  375.07992    0  261  481.06692  375.07992  22.0%     -    1s
     0     0  379.59827    0  268  481.06692  379.59827  21.1%     -    1s
H    0     0                     474.4248678  379.59827  20.0%     -    2s
     0     2  379.59827    0  268  474.42487  379.59827  20.0%     -    3s
H  138   139                     474.4248674  382.99313  19.3%  35.8    3s
   218   217  386.23115   24  264  474.42487  382.99313  19.3%  26.8    5s
H  266   264                     474.4248636  382.99313  19.3%  23.8    7s
H  300   297                     474.4248635  382.99313  19.3%  22.6    9s
   310   306  390.34374   31  230  474.42486  382.99313  19.3%  22.8   11s
  3678  3129  434.08121  152   69  474.42486  383.14736  19.2%   8.0   15s
Started new thread for: 0|0|0|0|0|0|0|0|0, pid = 8744e1268b1c6a21f4033d06683a9b9c
('Num Neighbors considered: 0', ', pid = 8744e1268b1c6a21f4033d06683a9b9c')
Number of initial extrapolated pairs:145, pid = 8744e1268b1c6a21f4033d06683a9b9c
Next layer number of nodes:194, pid = 8744e1268b1c6a21f4033d06683a9b9c
Next layer number of nodes:157, pid = 8744e1268b1c6a21f4033d06683a9b9c
Next layer number of nodes:110, pid = 8744e1268b1c6a21f4033d06683a9b9c
Next layer number of nodes:64, pid = 8744e1268b1c6a21f4033d06683a9b9c
Next layer number of nodes:27, pid = 8744e1268b1c6a21f4033d06683a9b9c
Next layer number of nodes:8, pid = 8744e1268b1c6a21f4033d06683a9b9c
Next layer number of nodes:3, pid = 8744e1268b1c6a21f4033d06683a9b9c
Next layer number of nodes:1, pid = 8744e1268b1c6a21f4033d06683a9b9c
('Num Neighbors considered: 1', ', pid = 8744e1268b1c6a21f4033d06683a9b9c')
Number of initial extrapolated pairs:145, pid = 8744e1268b1c6a21f4033d06683a9b9c
Next layer number of nodes:191, pid = 8744e1268b1c6a21f4033d06683a9b9c
Next layer number of nodes:154, pid = 8744e1268b1c6a21f4033d06683a9b9c
Next layer number of nodes:173, pid = 8744e1268b1c6a21f4033d06683a9b9c
Next layer number of nodes:132, pid = 8744e1268b1c6a21f4033d06683a9b9c
Next layer number of nodes:94, pid = 8744e1268b1c6a21f4033d06683a9b9c
Next layer number of nodes:63, pid = 8744e1268b1c6a21f4033d06683a9b9c
Next layer number of nodes:20, pid = 8744e1268b1c6a21f4033d06683a9b9c
Next layer number of nodes:1, pid = 8744e1268b1c6a21f4033d06683a9b9c
('Num Neighbors considered: 2', ', pid = 8744e1268b1c6a21f4033d06683a9b9c')
Number of initial extrapolated pairs:145, pid = 8744e1268b1c6a21f4033d06683a9b9c
Next layer number of nodes:350, pid = 8744e1268b1c6a21f4033d06683a9b9c
Next layer number of nodes:379, pid = 8744e1268b1c6a21f4033d06683a9b9c
Next layer number of nodes:321, pid = 8744e1268b1c6a21f4033d06683a9b9c
Next layer number of nodes:250, pid = 8744e1268b1c6a21f4033d06683a9b9c
Next layer number of nodes:170, pid = 8744e1268b1c6a21f4033d06683a9b9c
Next layer number of nodes:87, pid = 8744e1268b1c6a21f4033d06683a9b9c
Next layer number of nodes:23, pid = 8744e1268b1c6a21f4033d06683a9b9c
Next layer number of nodes:1, pid = 8744e1268b1c6a21f4033d06683a9b9c
('Num Neighbors considered: 3', ', pid = 8744e1268b1c6a21f4033d06683a9b9c')
Number of initial extrapolated pairs:145, pid = 8744e1268b1c6a21f4033d06683a9b9c
Next layer number of nodes:475, pid = 8744e1268b1c6a21f4033d06683a9b9c
Next layer number of nodes:491, pid = 8744e1268b1c6a21f4033d06683a9b9c
Next layer number of nodes:402, pid = 8744e1268b1c6a21f4033d06683a9b9c
Next layer number of nodes:294, pid = 8744e1268b1c6a21f4033d06683a9b9c
Next layer number of nodes:193, pid = 8744e1268b1c6a21f4033d06683a9b9c
Next layer number of nodes:99, pid = 8744e1268b1c6a21f4033d06683a9b9c
Next layer number of nodes:28, pid = 8744e1268b1c6a21f4033d06683a9b9c
Next layer number of nodes:1, pid = 8744e1268b1c6a21f4033d06683a9b9c
('Num Neighbors considered: 4', ', pid = 8744e1268b1c6a21f4033d06683a9b9c')
Number of initial extrapolated pairs:145, pid = 8744e1268b1c6a21f4033d06683a9b9c
Next layer number of nodes:537, pid = 8744e1268b1c6a21f4033d06683a9b9c
Next layer number of nodes:525, pid = 8744e1268b1c6a21f4033d06683a9b9c
Next layer number of nodes:427, pid = 8744e1268b1c6a21f4033d06683a9b9c
Next layer number of nodes:308, pid = 8744e1268b1c6a21f4033d06683a9b9c
Next layer number of nodes:195, pid = 8744e1268b1c6a21f4033d06683a9b9c
Next layer number of nodes:99, pid = 8744e1268b1c6a21f4033d06683a9b9c
Next layer number of nodes:28, pid = 8744e1268b1c6a21f4033d06683a9b9c
Next layer number of nodes:1, pid = 8744e1268b1c6a21f4033d06683a9b9c
('Num Neighbors considered: 5', ', pid = 8744e1268b1c6a21f4033d06683a9b9c')
Number of initial extrapolated pairs:145, pid = 8744e1268b1c6a21f4033d06683a9b9c
Next layer number of nodes:573, pid = 8744e1268b1c6a21f4033d06683a9b9c
Next layer number of nodes:549, pid = 8744e1268b1c6a21f4033d06683a9b9c
Next layer number of nodes:442, pid = 8744e1268b1c6a21f4033d06683a9b9c
Next layer number of nodes:319, pid = 8744e1268b1c6a21f4033d06683a9b9c
Next layer number of nodes:202, pid = 8744e1268b1c6a21f4033d06683a9b9c
Next layer number of nodes:107, pid = 8744e1268b1c6a21f4033d06683a9b9c
Next layer number of nodes:28, pid = 8744e1268b1c6a21f4033d06683a9b9c
Next layer number of nodes:1, pid = 8744e1268b1c6a21f4033d06683a9b9c
('Num Neighbors considered: 6', ', pid = 8744e1268b1c6a21f4033d06683a9b9c')
Number of initial extrapolated pairs:145, pid = 8744e1268b1c6a21f4033d06683a9b9c
Next layer number of nodes:593, pid = 8744e1268b1c6a21f4033d06683a9b9c
Next layer number of nodes:553, pid = 8744e1268b1c6a21f4033d06683a9b9c
Next layer number of nodes:443, pid = 8744e1268b1c6a21f4033d06683a9b9c
Next layer number of nodes:319, pid = 8744e1268b1c6a21f4033d06683a9b9c
Next layer number of nodes:202, pid = 8744e1268b1c6a21f4033d06683a9b9c
Next layer number of nodes:107, pid = 8744e1268b1c6a21f4033d06683a9b9c
Next layer number of nodes:28, pid = 8744e1268b1c6a21f4033d06683a9b9c
Next layer number of nodes:1, pid = 8744e1268b1c6a21f4033d06683a9b9c
('Num Neighbors considered: 7', ', pid = 8744e1268b1c6a21f4033d06683a9b9c')
Number of initial extrapolated pairs:145, pid = 8744e1268b1c6a21f4033d06683a9b9c
Next layer number of nodes:596, pid = 8744e1268b1c6a21f4033d06683a9b9c
Next layer number of nodes:553, pid = 8744e1268b1c6a21f4033d06683a9b9c
Next layer number of nodes:443, pid = 8744e1268b1c6a21f4033d06683a9b9c
Next layer number of nodes:319, pid = 8744e1268b1c6a21f4033d06683a9b9c
Next layer number of nodes:202, pid = 8744e1268b1c6a21f4033d06683a9b9c
Next layer number of nodes:107, pid = 8744e1268b1c6a21f4033d06683a9b9c
Next layer number of nodes:28, pid = 8744e1268b1c6a21f4033d06683a9b9c
Next layer number of nodes:1, pid = 8744e1268b1c6a21f4033d06683a9b9c
('Num Neighbors considered: 8', ', pid = 8744e1268b1c6a21f4033d06683a9b9c')
Number of initial extrapolated pairs:145, pid = 8744e1268b1c6a21f4033d06683a9b9c
Next layer number of nodes:597, pid = 8744e1268b1c6a21f4033d06683a9b9c
Next layer number of nodes:553, pid = 8744e1268b1c6a21f4033d06683a9b9c
Next layer number of nodes:443, pid = 8744e1268b1c6a21f4033d06683a9b9c
Next layer number of nodes:319, pid = 8744e1268b1c6a21f4033d06683a9b9c
Next layer number of nodes:202, pid = 8744e1268b1c6a21f4033d06683a9b9c
Next layer number of nodes:107, pid = 8744e1268b1c6a21f4033d06683a9b9c
Next layer number of nodes:28, pid = 8744e1268b1c6a21f4033d06683a9b9c
Next layer number of nodes:1, pid = 8744e1268b1c6a21f4033d06683a9b9c
('Num Neighbors considered: 9', ', pid = 8744e1268b1c6a21f4033d06683a9b9c')
Number of initial extrapolated pairs:145, pid = 8744e1268b1c6a21f4033d06683a9b9c
Next layer number of nodes:597, pid = 8744e1268b1c6a21f4033d06683a9b9c
Next layer number of nodes:553, pid = 8744e1268b1c6a21f4033d06683a9b9c
Next layer number of nodes:443, pid = 8744e1268b1c6a21f4033d06683a9b9c
Next layer number of nodes:319, pid = 8744e1268b1c6a21f4033d06683a9b9c
Next layer number of nodes:202, pid = 8744e1268b1c6a21f4033d06683a9b9c
Next layer number of nodes:107, pid = 8744e1268b1c6a21f4033d06683a9b9c
Next layer number of nodes:28, pid = 8744e1268b1c6a21f4033d06683a9b9c
Next layer number of nodes:1, pid = 8744e1268b1c6a21f4033d06683a9b9c
('Num Neighbors considered: 10', ', pid = 8744e1268b1c6a21f4033d06683a9b9c')
Number of initial extrapolated pairs:145, pid = 8744e1268b1c6a21f4033d06683a9b9c
Next layer number of nodes:597, pid = 8744e1268b1c6a21f4033d06683a9b9c
Next layer number of nodes:553, pid = 8744e1268b1c6a21f4033d06683a9b9c
Next layer number of nodes:443, pid = 8744e1268b1c6a21f4033d06683a9b9c
Next layer number of nodes:319, pid = 8744e1268b1c6a21f4033d06683a9b9c
Next layer number of nodes:202, pid = 8744e1268b1c6a21f4033d06683a9b9c
Next layer number of nodes:107, pid = 8744e1268b1c6a21f4033d06683a9b9c
Next layer number of nodes:28, pid = 8744e1268b1c6a21f4033d06683a9b9c
Next layer number of nodes:1, pid = 8744e1268b1c6a21f4033d06683a9b9c
('Num Neighbors considered: 11', ', pid = 8744e1268b1c6a21f4033d06683a9b9c')
Number of initial extrapolated pairs:145, pid = 8744e1268b1c6a21f4033d06683a9b9c
Next layer number of nodes:597, pid = 8744e1268b1c6a21f4033d06683a9b9c
Next layer number of nodes:553, pid = 8744e1268b1c6a21f4033d06683a9b9c
Next layer number of nodes:443, pid = 8744e1268b1c6a21f4033d06683a9b9c
Next layer number of nodes:319, pid = 8744e1268b1c6a21f4033d06683a9b9c
Next layer number of nodes:202, pid = 8744e1268b1c6a21f4033d06683a9b9c
Next layer number of nodes:107, pid = 8744e1268b1c6a21f4033d06683a9b9c
Next layer number of nodes:28, pid = 8744e1268b1c6a21f4033d06683a9b9c
Next layer number of nodes:1, pid = 8744e1268b1c6a21f4033d06683a9b9c
('Num Neighbors considered: 12', ', pid = 8744e1268b1c6a21f4033d06683a9b9c')
Number of initial extrapolated pairs:145, pid = 8744e1268b1c6a21f4033d06683a9b9c
Next layer number of nodes:597, pid = 8744e1268b1c6a21f4033d06683a9b9c
Next layer number of nodes:553, pid = 8744e1268b1c6a21f4033d06683a9b9c
Next layer number of nodes:443, pid = 8744e1268b1c6a21f4033d06683a9b9c
Next layer number of nodes:319, pid = 8744e1268b1c6a21f4033d06683a9b9c
Next layer number of nodes:202, pid = 8744e1268b1c6a21f4033d06683a9b9c
Next layer number of nodes:107, pid = 8744e1268b1c6a21f4033d06683a9b9c
Next layer number of nodes:28, pid = 8744e1268b1c6a21f4033d06683a9b9c
Next layer number of nodes:1, pid = 8744e1268b1c6a21f4033d06683a9b9c
('Num Neighbors considered: 13', ', pid = 8744e1268b1c6a21f4033d06683a9b9c')
Number of initial extrapolated pairs:145, pid = 8744e1268b1c6a21f4033d06683a9b9c
Next layer number of nodes:597, pid = 8744e1268b1c6a21f4033d06683a9b9c
Next layer number of nodes:553, pid = 8744e1268b1c6a21f4033d06683a9b9c
Next layer number of nodes:443, pid = 8744e1268b1c6a21f4033d06683a9b9c
Next layer number of nodes:319, pid = 8744e1268b1c6a21f4033d06683a9b9c
Next layer number of nodes:202, pid = 8744e1268b1c6a21f4033d06683a9b9c
Next layer number of nodes:107, pid = 8744e1268b1c6a21f4033d06683a9b9c
Next layer number of nodes:28, pid = 8744e1268b1c6a21f4033d06683a9b9c
Next layer number of nodes:1, pid = 8744e1268b1c6a21f4033d06683a9b9c
('Num Neighbors considered: 14', ', pid = 8744e1268b1c6a21f4033d06683a9b9c')
Number of initial extrapolated pairs:145, pid = 8744e1268b1c6a21f4033d06683a9b9c
Next layer number of nodes:597, pid = 8744e1268b1c6a21f4033d06683a9b9c
Next layer number of nodes:553, pid = 8744e1268b1c6a21f4033d06683a9b9c
Next layer number of nodes:443, pid = 8744e1268b1c6a21f4033d06683a9b9c
Next layer number of nodes:319, pid = 8744e1268b1c6a21f4033d06683a9b9c
Next layer number of nodes:202, pid = 8744e1268b1c6a21f4033d06683a9b9c
Next layer number of nodes:107, pid = 8744e1268b1c6a21f4033d06683a9b9c
Next layer number of nodes:28, pid = 8744e1268b1c6a21f4033d06683a9b9c
Next layer number of nodes:1, pid = 8744e1268b1c6a21f4033d06683a9b9c
Academic license - for non-commercial use only
Changed value of parameter MIPGap to 0.01
   Prev: 0.0001  Min: 0.0  Max: 1e+100  Default: 0.0001
Changed value of parameter Threads to 10
   Prev: 0  Min: 0  Max: 1024  Default: 0
Changed value of parameter Presolve to 2
   Prev: -1  Min: -1  Max: 2  Default: -1
Changed value of parameter MIPFocus to 1
   Prev: 0  Min: 0  Max: 3  Default: 0
Changed value of parameter Cuts to 1
   Prev: -1  Min: -1  Max: 3  Default: -1
Changed value of parameter Method to 4
   Prev: -1  Min: -1  Max: 5  Default: -1
Changed value of parameter TimeLimit to 60.0
   Prev: 1e+100  Min: 0.0  Max: 1e+100  Default: 1e+100
Optimize a model with 12705 rows, 23988 columns and 46848 nonzeros
Variable types: 0 continuous, 23988 integer (11994 binary)
Coefficient statistics:
  Matrix range     [7e-03, 1e+00]
  Objective range  [6e+00, 4e+01]
  Bounds range     [1e+00, 1e+02]
  RHS range        [1e+00, 1e+02]
Presolve removed 4782 rows and 5460 columns
Presolve time: 0.56s
Presolved: 7923 rows, 18528 columns, 37066 nonzeros
Variable types: 0 continuous, 18528 integer (8887 binary)

Deterministic concurrent LP optimizer: primal simplex, dual simplex, and barrier
Showing barrier log only...

Presolve removed 7214 rows and 7618 columns
Presolved: 709 rows, 10910 columns, 21762 nonzeros

Root barrier log...

Ordering time: 0.00s

Barrier statistics:
 AA' NZ     : 1.062e+04
 Factor NZ  : 4.947e+04 (roughly 5 MBytes of memory)
 Factor Ops : 5.595e+06 (less than 1 second per iteration)
 Threads    : 7

                  Objective                Residual
Iter       Primal          Dual         Primal    Dual     Compl     Time
   0   1.48990261e+06 -8.99260587e+05  2.07e+04 3.55e-15  9.18e+02     1s
   1   1.66554893e+05 -6.56094090e+05  2.38e+03 2.53e-14  1.24e+02     1s
   2   1.95798079e+04 -2.60715607e+05  2.80e+02 2.31e-14  2.10e+01     1s
   3   2.49757781e+03 -5.12399217e+04  2.92e+01 2.75e-14  3.14e+00     1s
   4   7.47850097e+02 -6.30753458e+03  2.73e+00 1.95e-14  3.72e-01     1s
   5   6.00664880e+02 -3.73237070e+03  1.04e+00 1.69e-14  2.12e-01     1s
   6   5.08519269e+02 -2.49150314e+03  4.58e-01 1.87e-14  1.42e-01     1s
   7   4.43963557e+02 -1.50177681e+03  2.51e-01 1.29e-14  9.08e-02     1s
   8   3.60186634e+02 -9.17649607e+02  1.42e-01 8.88e-15  5.92e-02     1s
   9   3.21792486e+02 -5.26046247e+02  9.94e-02 8.22e-15  3.92e-02     1s

Barrier performed 9 iterations in 0.69 seconds
Barrier solve interrupted - model solved by another algorithm

Concurrent spin time: 0.00s

Solved with primal simplex

Root relaxation: objective 1.484197e+02, 1405 iterations, 0.07 seconds

    Nodes    |    Current Node    |     Objective Bounds      |     Work
 Expl Unexpl |  Obj  Depth IntInf | Incumbent    BestBd   Gap | It/Node Time

     0     0  148.41975    0   83          -  148.41975      -     -    0s
H    0     0                     676.1580522  148.41975  78.0%     -    0s
     0     0  300.75182    0  233  676.15805  300.75182  55.5%     -    0s
H    0     0                     585.6188445  300.75182  48.6%     -    0s
     0     0  313.99180    0  235  585.61884  313.99180  46.4%     -    1s
     0     0  314.02737    0  239  585.61884  314.02737  46.4%     -    1s
     0     0  314.03283    0  243  585.61884  314.03283  46.4%     -    1s
     0     0  356.35182    0  296  585.61884  356.35182  39.1%     -    1s
H    0     0                     523.1717691  356.35182  31.9%     -    1s
     0     0  371.09819    0  343  523.17177  371.09819  29.1%     -    1s
     0     0  376.79575    0  340  523.17177  376.79575  28.0%     -    1s
     0     0  376.80043    0  344  523.17177  376.80043  28.0%     -    1s
     0     0  395.10230    0  327  523.17177  395.10230  24.5%     -    1s
H 3701  2987                     474.4248628  410.06411  13.6%   7.9   17s
H    0     0                     511.0814681  395.10230  22.7%     -    1s
     0     0  410.87121    0  315  511.08147  410.87121  19.6%     -    1s
     0     0  411.87854    0  321  511.08147  411.87854  19.4%     -    1s
     0     0  411.93408    0  334  511.08147  411.93408  19.4%     -    1s
     0     0  411.93549    0  338  511.08147  411.93549  19.4%     -    1s
     0     0  420.03160    0  324  511.08147  420.03160  17.8%     -    1s
H    0     0                     505.2126059  420.03160  16.9%     -    2s
     0     0  421.45941    0  275  505.21261  421.45941  16.6%     -    2s
     0     0  421.61259    0  300  505.21261  421.61259  16.5%     -    2s
     0     0  421.75297    0  312  505.21261  421.75297  16.5%     -    2s
     0     0  421.76247    0  313  505.21261  421.76247  16.5%     -    2s
     0     0  424.84280    0  266  505.21261  424.84280  15.9%     -    2s
     0     2  424.84280    0  265  505.21261  424.84280  15.9%     -    3s
  3720  3000  434.49873  111  280  474.42486  413.62565  12.8%   9.3   20s
  1048   934  435.26746    8  294  505.21261  431.19994  14.6%  16.0    5s
H 3740  2862                     474.4248612  418.90983  11.7%   9.2   24s
  3741  2862  418.90983   18  324  474.42486  418.90983  11.7%   9.2   25s
  1941  1688  445.77501   33  360  505.21261  445.77501  11.8%  14.5   10s
H 1945  1606                     505.2126055  448.55808  11.2%  14.5   11s
  1983  1642  451.04212   20  339  505.21261  450.41382  10.8%  18.5   15s
H 2078  1615                     505.2126009  450.41382  10.8%  18.8   16s
  4696  3304  455.06270   56  132  474.42486  420.18661  11.4%  14.4   32s
  4748  3326  455.06270   61  132  474.42486  420.18661  11.4%  14.6   35s
  3364  2299  487.29779   79  112  505.21260  450.48311  10.8%  18.0   20s
  5786  3654  494.77965  105  120  505.21260  450.79931  10.8%  15.3   25s
  6292  3996  435.16999   29  259  474.42486  420.41499  11.4%  14.8   41s
  7883  4657  467.25517   63   95  474.42486  420.55487  11.4%  15.9   45s
  8203  5506  491.20311   90   60  505.21260  450.85187  10.8%  14.4   30s
  9064  5126  428.16792   42  251  474.42486  420.58191  11.3%  15.9   51s
 10490  7472  495.54624  280  146  505.21260  450.89654  10.8%  13.6   35s
 11346  5873  421.11219   37  373  474.42486  420.58852  11.3%  15.6   56s
 12057  8759  480.08636  198  139  505.21260  451.05457  10.7%  13.1   40s
 12956  6763  463.07601  203   76  474.42486  420.76369  11.3%  15.6   60s

Cutting planes:
  Gomory: 21
  Cover: 36
  Implied bound: 21
  MIR: 162
  StrongCG: 5
  Flow cover: 401
  Inf proof: 1
  Zero half: 13
  Network: 9

Explored 13098 nodes (205907 simplex iterations) in 60.01 seconds
Thread count was 10 (of 56 available processors)

Solution count 10: 474.425 474.425 474.425 ... 549.96

Time limit reached
Best objective 4.744248612045e+02, best bound 4.207636856918e+02, gap 11.3108%
Parameter SolutionNumber unchanged
   Value: 0  Min: 0  Max: 2000000000  Default: 0
Changed value of parameter SolutionNumber to 1
   Prev: 0  Min: 0  Max: 2000000000  Default: 0
Changed value of parameter SolutionNumber to 2
   Prev: 1  Min: 0  Max: 2000000000  Default: 0
Changed value of parameter SolutionNumber to 3
   Prev: 2  Min: 0  Max: 2000000000  Default: 0
Changed value of parameter SolutionNumber to 4
   Prev: 3  Min: 0  Max: 2000000000  Default: 0
Changed value of parameter SolutionNumber to 5
   Prev: 4  Min: 0  Max: 2000000000  Default: 0
Changed value of parameter SolutionNumber to 6
   Prev: 5  Min: 0  Max: 2000000000  Default: 0
Changed value of parameter SolutionNumber to 7
   Prev: 6  Min: 0  Max: 2000000000  Default: 0
Changed value of parameter SolutionNumber to 8
   Prev: 7  Min: 0  Max: 2000000000  Default: 0
Changed value of parameter SolutionNumber to 9
   Prev: 8  Min: 0  Max: 2000000000  Default: 0
 14185 10315  479.13320   83  109  505.21260  451.06828  10.7%  13.0   45s
 16806 12599  498.17689   78   84  505.21260  451.11174  10.7%  12.4   50s
 20017 15295  493.66493  112  237  505.21260  451.16741  10.7%  12.3   55s
 22979 17797  480.20652  199  156  505.21260  451.21497  10.7%  12.2   60s

Cutting planes:
  Gomory: 20
  Cover: 41
  Implied bound: 11
  MIR: 173
  StrongCG: 6
  Flow cover: 415
  Zero half: 18
  Network: 8

Explored 23109 nodes (284644 simplex iterations) in 60.03 seconds
Thread count was 10 (of 56 available processors)

Solution count 8: 505.213 505.213 505.213 ... 676.158

Time limit reached
Best objective 5.052126009245e+02, best bound 4.512149673413e+02, gap 10.6881%
Parameter SolutionNumber unchanged
   Value: 0  Min: 0  Max: 2000000000  Default: 0
Changed value of parameter SolutionNumber to 1
   Prev: 0  Min: 0  Max: 2000000000  Default: 0
Changed value of parameter SolutionNumber to 2
   Prev: 1  Min: 0  Max: 2000000000  Default: 0
Changed value of parameter SolutionNumber to 3
   Prev: 2  Min: 0  Max: 2000000000  Default: 0
Changed value of parameter SolutionNumber to 4
   Prev: 3  Min: 0  Max: 2000000000  Default: 0
Changed value of parameter SolutionNumber to 5
   Prev: 4  Min: 0  Max: 2000000000  Default: 0
Changed value of parameter SolutionNumber to 6
   Prev: 5  Min: 0  Max: 2000000000  Default: 0
Changed value of parameter SolutionNumber to 7
   Prev: 6  Min: 0  Max: 2000000000  Default: 0
Number of triplets correct:  0.8169
